<?xml version="1.0" encoding="UTF-8"?>
<testng-results skipped="0" failed="0" ignored="0" total="1" passed="1">
  <reporter-output>
  </reporter-output>
  <suite name="Default suite" duration-ms="7540" started-at="2019-02-23T17:03:07Z" finished-at="2019-02-23T17:03:15Z">
    <groups>
    </groups>
    <test name="Default test" duration-ms="7540" started-at="2019-02-23T17:03:07Z" finished-at="2019-02-23T17:03:15Z">
      <class name="testcases.TestScenario">
        <test-method status="PASS" signature="intiateTest(java.lang.reflect.Method)[pri:0, instance:testcases.TestScenario@55f3ddb1]" name="intiateTest" is-config="true" duration-ms="4826" started-at="2019-02-23T17:03:07Z" finished-at="2019-02-23T17:03:12Z">
          <params>
            <param index="0">
              <value>
                <![CDATA[public void testcases.TestScenario.VerifyLogin()]]>
              </value>
            </param>
          </params>
          <reporter-output>
          </reporter-output>
        </test-method> <!-- intiateTest -->
        <test-method status="PASS" signature="VerifyLogin()[pri:0, instance:testcases.TestScenario@55f3ddb1]" name="VerifyLogin" duration-ms="2664" started-at="2019-02-23T17:03:12Z" finished-at="2019-02-23T17:03:15Z">
          <reporter-output>
          </reporter-output>
        </test-method> <!-- VerifyLogin -->
        <test-method status="PASS" signature="methodEnd(org.testng.ITestResult, org.testng.ITestContext)[pri:0, instance:testcases.TestScenario@55f3ddb1]" name="methodEnd" is-config="true" duration-ms="1" started-at="2019-02-23T17:03:15Z" finished-at="2019-02-23T17:03:15Z">
          <params>
            <param index="0">
              <value>
                <![CDATA[[TestResult name=VerifyLogin status=SUCCESS method=TestScenario.VerifyLogin()[pri:0, instance:testcases.TestScenario@55f3ddb1] output={null}]]]>
              </value>
            </param>
            <param index="1">
              <value>
                <![CDATA[org.testng.TestRunner@a3d9978]]>
              </value>
            </param>
          </params>
          <reporter-output>
          </reporter-output>
        </test-method> <!-- methodEnd -->
      </class> <!-- testcases.TestScenario -->
    </test> <!-- Default test -->
  </suite> <!-- Default suite -->
</testng-results>
